this is csv files_list
this is csv files_list
this is csv files_list
Moved file ID 1UF3B1TTz9qKxwuZyHLGUkyTpKsrLaybu to folder ID 1g4Yjp8Ct5sJDvA6d-VZbJN6HykyYryRN
Folder deleted successfully!
Cady Ann Hayes
First Name: Cady
Last Name: Hayes
Cady Hayes
First sheet renamed to 'Data' successfully.
Set column width for columns 0 to 2 to 220 pixels.
Values [['When stressed or upset'], ['Hobbies'], ['Supports']] added to the last row in column A and highlighted with yellow.
Set 'wrap text' property for columns 0 to 3.
[Errno 2] No such file or directory: 'app_script_credentials.json'
KevinG MedfordFaR Firefighter 
Moved file ID 1NEyPJGILdRBuF1t9zqxAXddUIhNxVPJK to folder ID 1T45CNrN69RIqCy0_xyFOPCmrGHXzWg3A
Folder deleted successfully!
Cady Ann Hayes
First Name: Cady
Last Name: Hayes
Cady Hayes
Error renaming sheet: <HttpError 503 when requesting https://sheets.googleapis.com/v4/spreadsheets/1RtsoPmhv7MbuvExrfdOzr9XeTH-t0yVsI4Yn0EOJaI8:batchUpdate?alt=json returned "The service is currently unavailable.". Details: "The service is currently unavailable.">
Set column width for columns 0 to 2 to 220 pixels.
Values [['When stressed or upset'], ['Hobbies'], ['Supports']] added to the last row in column A and highlighted with yellow.
Set 'wrap text' property for columns 0 to 3.
[Errno 2] No such file or directory: 'app_script_credentials.json'
JeremiahW MedfordFD Firefighter EMT 
this is csv files_list
this is csv files_list
this is csv files_list
this is csv files_list
this is csv files_list
this is csv files_list
this is csv files_list
this is csv files_list
this is csv files_list
this is csv files_list
this is csv files_list
this is csv files_list
this is csv files_list
this is csv files_list
this is csv files_list
this is csv files_list
this is csv files_list
this is csv files_list
this is csv files_list
this is csv files_list
this is csv files_list
this is csv files_list
this is csv files_list
this is csv files_list
this is csv files_list
this is csv files_list
this is csv files_list
this is csv files_list
this is csv files_list
this is csv files_list
this is csv files_list
this is csv files_list
this is csv files_list
this is csv files_list
this is csv files_list
this is csv files_list
this is csv files_list
this is csv files_list
this is csv files_list
this is csv files_list
this is csv files_list
